Using pre-set license
Built from '2022.1/staging' branch; Version is '2022.1.4f1 (76dd1f94b339) revision 7789855'; Using compiler version '192829333'; Build Type 'Release'
OS: 'Windows 10  (10.0.19044) 64bit Core' Language: 'en' Physical Memory: 32696 MB
BatchMode: 1, IsHumanControllingUs: 0, StartBugReporterOnCrash: 0, Is64bit: 1, IsPro: 1

COMMAND LINE ARGUMENTS:
C:\Program Files (x86)\2022.1.4f1\Editor\Unity.exe
-adb2
-batchMode
-noUpm
-name
AssetImportWorker0
-projectPath
C:/Users/SamDy/Documents/Uni/Project_Olav/Project_Olav
-logFile
Logs/AssetImportWorker0.log
-srvPort
64152
Successfully changed project path to: C:/Users/SamDy/Documents/Uni/Project_Olav/Project_Olav
C:/Users/SamDy/Documents/Uni/Project_Olav/Project_Olav
[UnityMemory] Configuration Parameters - Can be set up in boot.config
    "memorysetup-bucket-allocator-granularity=16"
    "memorysetup-bucket-allocator-bucket-count=8"
    "memorysetup-bucket-allocator-block-size=33554432"
    "memorysetup-bucket-allocator-block-count=8"
    "memorysetup-main-allocator-block-size=16777216"
    "memorysetup-thread-allocator-block-size=16777216"
    "memorysetup-gfx-main-allocator-block-size=16777216"
    "memorysetup-gfx-thread-allocator-block-size=16777216"
    "memorysetup-cache-allocator-block-size=4194304"
    "memorysetup-typetree-allocator-block-size=2097152"
    "memorysetup-profiler-bucket-allocator-granularity=16"
    "memorysetup-profiler-bucket-allocator-bucket-count=8"
    "memorysetup-profiler-bucket-allocator-block-size=33554432"
    "memorysetup-profiler-bucket-allocator-block-count=8"
    "memorysetup-profiler-allocator-block-size=16777216"
    "memorysetup-profiler-editor-allocator-block-size=1048576"
    "memorysetup-temp-allocator-size-main=16777216"
    "memorysetup-job-temp-allocator-block-size=2097152"
    "memorysetup-job-temp-allocator-block-size-background=1048576"
    "memorysetup-job-temp-allocator-reduction-small-platforms=262144"
    "memorysetup-temp-allocator-size-background-worker=32768"
    "memorysetup-temp-allocator-size-job-worker=262144"
    "memorysetup-temp-allocator-size-preload-manager=33554432"
    "memorysetup-temp-allocator-size-nav-mesh-worker=65536"
    "memorysetup-temp-allocator-size-audio-worker=65536"
    "memorysetup-temp-allocator-size-cloud-worker=32768"
    "memorysetup-temp-allocator-size-gi-baking-worker=262144"
    "memorysetup-temp-allocator-size-gfx=262144"
Refreshing native plugins compatible for Editor in 124.39 ms, found 3 plugins.
Preloading 0 native plugins for Editor in 0.00 ms.
Initialize engine version: 2022.1.4f1 (76dd1f94b339)
[Subsystems] Discovering subsystems at path C:/Program Files (x86)/2022.1.4f1/Editor/Data/Resources/UnitySubsystems
[Subsystems] Discovering subsystems at path C:/Users/SamDy/Documents/Uni/Project_Olav/Project_Olav/Assets
GfxDevice: creating device client; threaded=0; jobified=0
Direct3D:
    Version:  Direct3D 11.0 [level 11.1]
    Renderer: NVIDIA GeForce RTX 2060 SUPER (ID=0x1f06)
    Vendor:   NVIDIA
    VRAM:     8019 MB
    Driver:   31.0.15.2824
Initialize mono
Mono path[0] = 'C:/Program Files (x86)/2022.1.4f1/Editor/Data/Managed'
Mono path[1] = 'C:/Program Files (x86)/2022.1.4f1/Editor/Data/MonoBleedingEdge/lib/mono/unityjit-win32'
Mono config path = 'C:/Program Files (x86)/2022.1.4f1/Editor/Data/MonoBleedingEdge/etc'
Using monoOptions --debugger-agent=transport=dt_socket,embedding=1,server=y,suspend=n,address=127.0.0.1:56992
Begin MonoManager ReloadAssembly
Registering precompiled unity dll's ...
Register platform support module: C:/Program Files (x86)/2022.1.4f1/Editor/Data/PlaybackEngines/AndroidPlayer/UnityEditor.Android.Extensions.dll
Register platform support module: C:/Program Files (x86)/2022.1.4f1/Editor/Data/PlaybackEngines/WindowsStandaloneSupport/UnityEditor.WindowsStandalone.Extensions.dll
Registered in 0.008106 seconds.
Native extension for WindowsStandalone target not found
Native extension for Android target not found
Refreshing native plugins compatible for Editor in 135.41 ms, found 3 plugins.
Preloading 0 native plugins for Editor in 0.00 ms.
Mono: successfully reloaded assembly
- Completed reload, in  0.734 seconds
Domain Reload Profiling:
	ReloadAssembly (735ms)
		BeginReloadAssembly (71ms)
			ExecutionOrderSort (0ms)
			DisableScriptedObjects (0ms)
			BackupInstance (0ms)
			ReleaseScriptingObjects (0ms)
			CreateAndSetChildDomain (1ms)
		EndReloadAssembly (548ms)
			LoadAssemblies (69ms)
			RebuildTransferFunctionScriptingTraits (0ms)
			SetupTypeCache (119ms)
				TypeCache.Initialize (119ms)
					TypeCache.ScanAssembly (117ms)
				ResolveRequiredComponents (0ms)
			ReleaseScriptCaches (0ms)
			RebuildScriptCaches (31ms)
			SetupLoadedEditorAssemblies (346ms)
				LogAssemblyErrors (0ms)
				InitializePlatformSupportModulesInManaged (55ms)
				SetLoadedEditorAssemblies (9ms)
				RefreshPlugins (136ms)
				BeforeProcessingInitializeOnLoad (1ms)
				ProcessInitializeOnLoadAttributes (100ms)
				ProcessInitializeOnLoadMethodAttributes (45ms)
				AfterProcessingInitializeOnLoad (0ms)
				EditorAssembliesLoaded (0ms)
			ExecutionOrderSort2 (0ms)
			AwakeInstancesAfterBackupRestoration (0ms)
Platform modules already initialized, skipping
Registering precompiled user dll's ...
Registered in 0.009662 seconds.
Begin MonoManager ReloadAssembly
Symbol file LoadedFromMemory doesn't match image C:\Users\SamDy\Documents\Uni\Project_Olav\Project_Olav\Library\PackageCache\com.unity.visualscripting@1.7.8\Editor\VisualScripting.Core\Dependencies\YamlDotNet\Unity.VisualScripting.YamlDotNet.dll
Symbol file LoadedFromMemory doesn't match image C:\Users\SamDy\Documents\Uni\Project_Olav\Project_Olav\Library\PackageCache\com.unity.visualscripting@1.7.8\Editor\VisualScripting.Core\Dependencies\DotNetZip\Unity.VisualScripting.IonicZip.dll
Native extension for WindowsStandalone target not found
Native extension for Android target not found
Refreshing native plugins compatible for Editor in 113.10 ms, found 3 plugins.
Preloading 0 native plugins for Editor in 0.00 ms.
Mono: successfully reloaded assembly
- Completed reload, in  1.510 seconds
Domain Reload Profiling:
	ReloadAssembly (1510ms)
		BeginReloadAssembly (243ms)
			ExecutionOrderSort (0ms)
			DisableScriptedObjects (5ms)
			BackupInstance (0ms)
			ReleaseScriptingObjects (0ms)
			CreateAndSetChildDomain (137ms)
		EndReloadAssembly (1170ms)
			LoadAssemblies (86ms)
			RebuildTransferFunctionScriptingTraits (0ms)
			SetupTypeCache (305ms)
				TypeCache.Initialize (294ms)
					TypeCache.ScanAssembly (289ms)
				ResolveRequiredComponents (11ms)
			ReleaseScriptCaches (1ms)
			RebuildScriptCaches (70ms)
			SetupLoadedEditorAssemblies (658ms)
				LogAssemblyErrors (0ms)
				InitializePlatformSupportModulesInManaged (16ms)
				SetLoadedEditorAssemblies (6ms)
				RefreshPlugins (113ms)
				BeforeProcessingInitializeOnLoad (125ms)
				ProcessInitializeOnLoadAttributes (311ms)
				ProcessInitializeOnLoadMethodAttributes (76ms)
				AfterProcessingInitializeOnLoad (11ms)
				EditorAssembliesLoaded (0ms)
			ExecutionOrderSort2 (0ms)
			AwakeInstancesAfterBackupRestoration (6ms)
Platform modules already initialized, skipping
========================================================================
Worker process is ready to serve import requests
Launched and connected shader compiler UnityShaderCompiler.exe after 0.04 seconds
Refreshing native plugins compatible for Editor in 1.30 ms, found 3 plugins.
Preloading 0 native plugins for Editor in 0.00 ms.
Unloading 6186 Unused Serialized files (Serialized files now loaded: 0)
Unloading 53 unused Assets / (457.4 KB). Loaded Objects now: 6649.
Memory consumption went from 0.96 GB to 0.96 GB.
Total: 4.738500 ms (FindLiveObjects: 0.864500 ms CreateObjectMapping: 0.229800 ms MarkObjects: 3.394900 ms  DeleteObjects: 0.248100 ms)

AssetImportParameters requested are different than current active one (requested -> active):
  custom:video-decoder-ogg-theora: a1e56fd34408186e4bbccfd4996cb3dc -> 
  custom:container-muxer-webm: aa71ff27fc2769a1b78a27578f13a17b -> 
  custom:container-demuxer-webm: 4f35f7cbe854078d1ac9338744f61a02 -> 
  custom:video-encoder-webm-vp8: eb34c28f22e8b96e1ab97ce403110664 -> 
  custom:audio-encoder-webm-vorbis: bf7c407c2cedff20999df2af8eb42d56 -> 
  custom:framework-win-MediaFoundation: 216162199b28c13a410421893ffa2e32 -> 
  custom:container-demuxer-ogg: 62fdf1f143b41e24485cea50d1cbac27 -> 
  custom:video-decoder-webm-vp8: 9c59270c3fd7afecdb556c50c9e8de78 -> 
  custom:audio-decoder-ogg-vorbis: bf7c407c2cedff20999df2af8eb42d56 -> 
========================================================================
Received Import Request.
  Time since last request: 58268.593551 seconds.
  path: Assets/Alstra Infinite
  artifactKey: Guid(d1d6ca386c823384583886c27cdf4073) Importer(815301076,1909f56bfc062723c751e8b465ee728b)
Start importing Assets/Alstra Infinite using Guid(d1d6ca386c823384583886c27cdf4073) Importer(815301076,1909f56bfc062723c751e8b465ee728b)  -> (artifact id: 'e7d5e114f67cecaa9f9f43d6ec2cc6f8') in 0.017830 seconds 
========================================================================
Received Import Request.
  Time since last request: 0.127184 seconds.
  path: Assets/Blue Polygon/Rope Bridge 3D
  artifactKey: Guid(d0135566c14bade418e3bdd9e9237b10) Importer(815301076,1909f56bfc062723c751e8b465ee728b)
Start importing Assets/Blue Polygon/Rope Bridge 3D using Guid(d0135566c14bade418e3bdd9e9237b10) Importer(815301076,1909f56bfc062723c751e8b465ee728b)  -> (artifact id: '9fb94c858e02eb282d956ae7e77d2ded') in 0.005833 seconds 
========================================================================
Received Import Request.
  Time since last request: 0.956140 seconds.
  path: Assets/Blue Polygon/Rope Bridge 3D/Mesh
  artifactKey: Guid(e38189df657efd64ea44ed6db5785829) Importer(815301076,1909f56bfc062723c751e8b465ee728b)
Start importing Assets/Blue Polygon/Rope Bridge 3D/Mesh using Guid(e38189df657efd64ea44ed6db5785829) Importer(815301076,1909f56bfc062723c751e8b465ee728b)  -> (artifact id: '6e3663818ef9c5779eefde77ddd02294') in 0.006734 seconds 
========================================================================
Received Import Request.
  Time since last request: 0.131115 seconds.
  path: Assets/Blue Polygon/Rope Bridge 3D/Mesh/rope_bridge.fbx
  artifactKey: Guid(17edde830b2c03c4380312f9ef12286e) Importer(815301076,1909f56bfc062723c751e8b465ee728b)
Start importing Assets/Blue Polygon/Rope Bridge 3D/Mesh/rope_bridge.fbx using Guid(17edde830b2c03c4380312f9ef12286e) Importer(815301076,1909f56bfc062723c751e8b465ee728b)  -> (artifact id: 'f5d8e08dad8908a83c0fa5dfa6323449') in 0.401958 seconds 
========================================================================
Received Import Request.
  Time since last request: 6.165341 seconds.
  path: Assets/Blue Polygon/Rope Bridge 3D/Metarials
  artifactKey: Guid(90e913bf40ef05e4fb5506bdb0d98903) Importer(815301076,1909f56bfc062723c751e8b465ee728b)
Start importing Assets/Blue Polygon/Rope Bridge 3D/Metarials using Guid(90e913bf40ef05e4fb5506bdb0d98903) Importer(815301076,1909f56bfc062723c751e8b465ee728b)  -> (artifact id: 'c98549caba0bccf74209e9b91dff9d44') in 0.005636 seconds 
========================================================================
Received Import Request.
  Time since last request: 0.050506 seconds.
  path: Assets/Blue Polygon/Rope Bridge 3D/Metarials/Rope.mat
  artifactKey: Guid(144a8a517186aa3448bc033f0d5da32a) Importer(815301076,1909f56bfc062723c751e8b465ee728b)
Start importing Assets/Blue Polygon/Rope Bridge 3D/Metarials/Rope.mat using Guid(144a8a517186aa3448bc033f0d5da32a) Importer(815301076,1909f56bfc062723c751e8b465ee728b)  -> (artifact id: '1df09fcc2238475b47f9c23f45101a3c') in 0.039048 seconds 
========================================================================
Received Import Request.
  Time since last request: 0.000028 seconds.
  path: Assets/Blue Polygon/Rope Bridge 3D/Metarials/Wood2.mat
  artifactKey: Guid(ea79a22e8944580409b965c3c1dc8f0f) Importer(815301076,1909f56bfc062723c751e8b465ee728b)
Start importing Assets/Blue Polygon/Rope Bridge 3D/Metarials/Wood2.mat using Guid(ea79a22e8944580409b965c3c1dc8f0f) Importer(815301076,1909f56bfc062723c751e8b465ee728b)  -> (artifact id: '0440c1ad5c48f1df10650805f8676fef') in 0.016487 seconds 
========================================================================
Received Import Request.
  Time since last request: 26.605945 seconds.
  path: Assets/Blue Polygon/Rope Bridge 3D/Prefab
  artifactKey: Guid(8baa47a3c04d3f045800dad68334ece7) Importer(815301076,1909f56bfc062723c751e8b465ee728b)
Start importing Assets/Blue Polygon/Rope Bridge 3D/Prefab using Guid(8baa47a3c04d3f045800dad68334ece7) Importer(815301076,1909f56bfc062723c751e8b465ee728b)  -> (artifact id: 'ec75391386d808071f318e4ae4bd0a36') in 0.005579 seconds 
========================================================================
Received Import Request.
  Time since last request: 0.042527 seconds.
  path: Assets/Blue Polygon/Rope Bridge 3D/Prefab/rope_bridge.prefab
  artifactKey: Guid(75baae4b94c3fcb43a6a2ae0ed684998) Importer(815301076,1909f56bfc062723c751e8b465ee728b)
Start importing Assets/Blue Polygon/Rope Bridge 3D/Prefab/rope_bridge.prefab using Guid(75baae4b94c3fcb43a6a2ae0ed684998) Importer(815301076,1909f56bfc062723c751e8b465ee728b)  -> (artifact id: '36817ea6d71936945818620425cdef4b') in 0.091953 seconds 
========================================================================
Received Import Request.
  Time since last request: 12.763574 seconds.
  path: Assets/Blue Polygon/Rope Bridge 3D/Scene
  artifactKey: Guid(21e55f7017bfe13499ca33f4bec25711) Importer(815301076,1909f56bfc062723c751e8b465ee728b)
Start importing Assets/Blue Polygon/Rope Bridge 3D/Scene using Guid(21e55f7017bfe13499ca33f4bec25711) Importer(815301076,1909f56bfc062723c751e8b465ee728b)  -> (artifact id: '77c25d9c43dc6348519df180064d0b19') in 0.006540 seconds 
========================================================================
Received Import Request.
  Time since last request: 267.517371 seconds.
  path: Assets/BrokenVector
  artifactKey: Guid(99ceb139f9189c04dbda62580a478405) Importer(815301076,1909f56bfc062723c751e8b465ee728b)
Start importing Assets/BrokenVector using Guid(99ceb139f9189c04dbda62580a478405) Importer(815301076,1909f56bfc062723c751e8b465ee728b)  -> (artifact id: '431bc0f45b131f1d30795394355cdd44') in 0.006270 seconds 
========================================================================
Received Import Request.
  Time since last request: 1.348903 seconds.
  path: Assets/BrokenVector/LowPolyFencePack
  artifactKey: Guid(4676b307259bbc947b4975643cad8fe3) Importer(815301076,1909f56bfc062723c751e8b465ee728b)
Start importing Assets/BrokenVector/LowPolyFencePack using Guid(4676b307259bbc947b4975643cad8fe3) Importer(815301076,1909f56bfc062723c751e8b465ee728b)  -> (artifact id: '41f3d756d7392671331ed4a9e11f5e05') in 0.005678 seconds 
========================================================================
Received Import Request.
  Time since last request: 1.515827 seconds.
  path: Assets/BrokenVector/LowPolyFencePack/Materials
  artifactKey: Guid(12376baf0562e694b9d8a1be4b41840e) Importer(815301076,1909f56bfc062723c751e8b465ee728b)
Start importing Assets/BrokenVector/LowPolyFencePack/Materials using Guid(12376baf0562e694b9d8a1be4b41840e) Importer(815301076,1909f56bfc062723c751e8b465ee728b)  -> (artifact id: 'e7210b461d8ef896053b7a725a731ded') in 0.005562 seconds 
========================================================================
Received Import Request.
  Time since last request: 0.947117 seconds.
  path: Assets/BrokenVector/LowPolyFencePack/Models
  artifactKey: Guid(29d623a3fc8d4e04a8e1158958eb6f3e) Importer(815301076,1909f56bfc062723c751e8b465ee728b)
Start importing Assets/BrokenVector/LowPolyFencePack/Models using Guid(29d623a3fc8d4e04a8e1158958eb6f3e) Importer(815301076,1909f56bfc062723c751e8b465ee728b)  -> (artifact id: '288841ebe08663f181e8215dbaa68a46') in 0.005254 seconds 
========================================================================
Received Import Request.
  Time since last request: 1.433519 seconds.
  path: Assets/BrokenVector/LowPolyFencePack/Models/Fence Type1 01.dae
  artifactKey: Guid(607fa0a0a8b6097479348b4480edc606) Importer(815301076,1909f56bfc062723c751e8b465ee728b)
Start importing Assets/BrokenVector/LowPolyFencePack/Models/Fence Type1 01.dae using Guid(607fa0a0a8b6097479348b4480edc606) Importer(815301076,1909f56bfc062723c751e8b465ee728b)  -> (artifact id: 'd30efbfefce258293ab408ff1a5bd83f') in 0.034181 seconds 
========================================================================
Received Import Request.
  Time since last request: 0.000035 seconds.
  path: Assets/BrokenVector/LowPolyFencePack/Models/Fence Type2 01.dae
  artifactKey: Guid(836c223527ea5104ea614a4dc350d6f8) Importer(815301076,1909f56bfc062723c751e8b465ee728b)
Start importing Assets/BrokenVector/LowPolyFencePack/Models/Fence Type2 01.dae using Guid(836c223527ea5104ea614a4dc350d6f8) Importer(815301076,1909f56bfc062723c751e8b465ee728b)  -> (artifact id: 'f1913042773e1a09b28138accd9a0ea3') in 0.024738 seconds 
========================================================================
Received Import Request.
  Time since last request: 0.000028 seconds.
  path: Assets/BrokenVector/LowPolyFencePack/Models/Fence Type3 02.dae
  artifactKey: Guid(35aff7f9767a6ee429d8bdf31328705f) Importer(815301076,1909f56bfc062723c751e8b465ee728b)
Start importing Assets/BrokenVector/LowPolyFencePack/Models/Fence Type3 02.dae using Guid(35aff7f9767a6ee429d8bdf31328705f) Importer(815301076,1909f56bfc062723c751e8b465ee728b)  -> (artifact id: '31bcdcd9e2a3bd12dd43e6bbcf905b1d') in 0.040247 seconds 
========================================================================
Received Import Request.
  Time since last request: 0.000027 seconds.
  path: Assets/BrokenVector/LowPolyFencePack/Models/Fence Type2 Door.fbx
  artifactKey: Guid(919734941a900d24090f2925025373f2) Importer(815301076,1909f56bfc062723c751e8b465ee728b)
Start importing Assets/BrokenVector/LowPolyFencePack/Models/Fence Type2 Door.fbx using Guid(919734941a900d24090f2925025373f2) Importer(815301076,1909f56bfc062723c751e8b465ee728b)  -> (artifact id: '3b8294f23b0e47a387335cf274971e42') in 0.164907 seconds 
========================================================================
Received Import Request.
  Time since last request: 0.000043 seconds.
  path: Assets/BrokenVector/LowPolyFencePack/Models/Fence Type2 03.dae
  artifactKey: Guid(d48bf2190ea9990478b126e5e2540a8d) Importer(815301076,1909f56bfc062723c751e8b465ee728b)
Start importing Assets/BrokenVector/LowPolyFencePack/Models/Fence Type2 03.dae using Guid(d48bf2190ea9990478b126e5e2540a8d) Importer(815301076,1909f56bfc062723c751e8b465ee728b)  -> (artifact id: '2e6848de65a035967da665dae5b83b17') in 0.024612 seconds 
========================================================================
Received Import Request.
  Time since last request: 0.000029 seconds.
  path: Assets/BrokenVector/LowPolyFencePack/Models/Fence Type6 Small.dae
  artifactKey: Guid(32ece367df421af48acad3f16120520c) Importer(815301076,1909f56bfc062723c751e8b465ee728b)
Start importing Assets/BrokenVector/LowPolyFencePack/Models/Fence Type6 Small.dae using Guid(32ece367df421af48acad3f16120520c) Importer(815301076,1909f56bfc062723c751e8b465ee728b)  -> (artifact id: '538ffba6c02218c77994c5290f2329bf') in 0.026116 seconds 
========================================================================
Received Import Request.
  Time since last request: 0.000032 seconds.
  path: Assets/BrokenVector/LowPolyFencePack/Models/Fence Type3 01.dae
  artifactKey: Guid(7e1ddd08b1b2c354a8ad951245480569) Importer(815301076,1909f56bfc062723c751e8b465ee728b)
Start importing Assets/BrokenVector/LowPolyFencePack/Models/Fence Type3 01.dae using Guid(7e1ddd08b1b2c354a8ad951245480569) Importer(815301076,1909f56bfc062723c751e8b465ee728b)  -> (artifact id: '9eee3b02684a3a109bf8338335fe33b3') in 0.025884 seconds 
========================================================================
Received Import Request.
  Time since last request: 0.000026 seconds.
  path: Assets/BrokenVector/LowPolyFencePack/Models/Fence Type2 02.dae
  artifactKey: Guid(e5af5116aa5f71b4fb5f5ffc3443447d) Importer(815301076,1909f56bfc062723c751e8b465ee728b)
Start importing Assets/BrokenVector/LowPolyFencePack/Models/Fence Type2 02.dae using Guid(e5af5116aa5f71b4fb5f5ffc3443447d) Importer(815301076,1909f56bfc062723c751e8b465ee728b)  -> (artifact id: '5e2a3ced08f44d008f75044861ff6277') in 0.026898 seconds 
========================================================================
Received Import Request.
  Time since last request: 0.000037 seconds.
  path: Assets/BrokenVector/LowPolyFencePack/Models/Fence Type6 Big.dae
  artifactKey: Guid(528e1a5bd85e7dd4781f1fdd6a8cb01a) Importer(815301076,1909f56bfc062723c751e8b465ee728b)
Start importing Assets/BrokenVector/LowPolyFencePack/Models/Fence Type6 Big.dae using Guid(528e1a5bd85e7dd4781f1fdd6a8cb01a) Importer(815301076,1909f56bfc062723c751e8b465ee728b)  -> (artifact id: '08c936517b411ecce318909685674119') in 0.029846 seconds 
========================================================================
Received Import Request.
  Time since last request: 0.000033 seconds.
  path: Assets/BrokenVector/LowPolyFencePack/Models/Fence Type5 Big.dae
  artifactKey: Guid(1f40fa7399dd9aa4b93f77317682f7ed) Importer(815301076,1909f56bfc062723c751e8b465ee728b)
Start importing Assets/BrokenVector/LowPolyFencePack/Models/Fence Type5 Big.dae using Guid(1f40fa7399dd9aa4b93f77317682f7ed) Importer(815301076,1909f56bfc062723c751e8b465ee728b)  -> (artifact id: '4569645e754cf14febf8fb21fea4857c') in 0.032659 seconds 
========================================================================
Received Import Request.
  Time since last request: 64.773697 seconds.
  path: Assets/BrokenVector/LowPolyFencePack/Materials/Red Wood.mat
  artifactKey: Guid(6c7da534adf849442ab00c554ac221d1) Importer(815301076,1909f56bfc062723c751e8b465ee728b)
Start importing Assets/BrokenVector/LowPolyFencePack/Materials/Red Wood.mat using Guid(6c7da534adf849442ab00c554ac221d1) Importer(815301076,1909f56bfc062723c751e8b465ee728b)  -> (artifact id: '426b9351b841eae052f14c209151e0e9') in 0.021844 seconds 
========================================================================
Received Import Request.
  Time since last request: 11.619317 seconds.
  path: Assets/BrokenVector/LowPolyFencePack/Materials/Colorsheets/Occlusion/Colorsheet Wood Red.png
  artifactKey: Guid(ca19cfe9276d1af45a186e87e77f0d18) Importer(815301076,1909f56bfc062723c751e8b465ee728b)
Start importing Assets/BrokenVector/LowPolyFencePack/Materials/Colorsheets/Occlusion/Colorsheet Wood Red.png using Guid(ca19cfe9276d1af45a186e87e77f0d18) Importer(815301076,1909f56bfc062723c751e8b465ee728b)  -> (artifact id: '137d1d153b82693553d5830f2096dff7') in 0.094177 seconds 
========================================================================
Received Import Request.
  Time since last request: 0.000034 seconds.
  path: Assets/BrokenVector/LowPolyFencePack/Materials/Colorsheets/Occlusion/ColSheet1.mat
  artifactKey: Guid(31f70a8ab4f4e7149af2963f1fb26cf9) Importer(815301076,1909f56bfc062723c751e8b465ee728b)
Start importing Assets/BrokenVector/LowPolyFencePack/Materials/Colorsheets/Occlusion/ColSheet1.mat using Guid(31f70a8ab4f4e7149af2963f1fb26cf9) Importer(815301076,1909f56bfc062723c751e8b465ee728b)  -> (artifact id: '2b0f6ac5505b64ef4fb77bac732ff9db') in 1.230343 seconds 
Editor requested this worker to shutdown with reason: Scaling down because of idle timeout
AssetImportWorker is now disconnected from the server
Process exiting
Exiting without the bug reporter. Application will terminate with return code 0