Using pre-set license
Built from '2022.1/staging' branch; Version is '2022.1.4f1 (76dd1f94b339) revision 7789855'; Using compiler version '192829333'; Build Type 'Release'
OS: 'Windows 10  (10.0.19044) 64bit Enterprise' Language: 'en' Physical Memory: 32512 MB
BatchMode: 1, IsHumanControllingUs: 0, StartBugReporterOnCrash: 0, Is64bit: 1, IsPro: 1

COMMAND LINE ARGUMENTS:
C:\Program Files\Unity 2022.1.4f1\Editor\Unity.exe
-adb2
-batchMode
-noUpm
-name
AssetImportWorker3
-projectPath
C:/Users/d010941k/Documents/GitHub/Project_Olav/Project_Olav
-logFile
Logs/AssetImportWorker3.log
-srvPort
63750
Successfully changed project path to: C:/Users/d010941k/Documents/GitHub/Project_Olav/Project_Olav
C:/Users/d010941k/Documents/GitHub/Project_Olav/Project_Olav
[UnityMemory] Configuration Parameters - Can be set up in boot.config
    "memorysetup-bucket-allocator-granularity=16"
    "memorysetup-bucket-allocator-bucket-count=8"
    "memorysetup-bucket-allocator-block-size=33554432"
    "memorysetup-bucket-allocator-block-count=8"
    "memorysetup-main-allocator-block-size=16777216"
    "memorysetup-thread-allocator-block-size=16777216"
    "memorysetup-gfx-main-allocator-block-size=16777216"
    "memorysetup-gfx-thread-allocator-block-size=16777216"
    "memorysetup-cache-allocator-block-size=4194304"
    "memorysetup-typetree-allocator-block-size=2097152"
    "memorysetup-profiler-bucket-allocator-granularity=16"
    "memorysetup-profiler-bucket-allocator-bucket-count=8"
    "memorysetup-profiler-bucket-allocator-block-size=33554432"
    "memorysetup-profiler-bucket-allocator-block-count=8"
    "memorysetup-profiler-allocator-block-size=16777216"
    "memorysetup-profiler-editor-allocator-block-size=1048576"
    "memorysetup-temp-allocator-size-main=16777216"
    "memorysetup-job-temp-allocator-block-size=2097152"
    "memorysetup-job-temp-allocator-block-size-background=1048576"
    "memorysetup-job-temp-allocator-reduction-small-platforms=262144"
    "memorysetup-temp-allocator-size-background-worker=32768"
    "memorysetup-temp-allocator-size-job-worker=262144"
    "memorysetup-temp-allocator-size-preload-manager=33554432"
    "memorysetup-temp-allocator-size-nav-mesh-worker=65536"
    "memorysetup-temp-allocator-size-audio-worker=65536"
    "memorysetup-temp-allocator-size-cloud-worker=32768"
    "memorysetup-temp-allocator-size-gi-baking-worker=262144"
    "memorysetup-temp-allocator-size-gfx=262144"
Refreshing native plugins compatible for Editor in 118.86 ms, found 3 plugins.
Preloading 0 native plugins for Editor in 0.00 ms.
Initialize engine version: 2022.1.4f1 (76dd1f94b339)
[Subsystems] Discovering subsystems at path C:/Program Files/Unity 2022.1.4f1/Editor/Data/Resources/UnitySubsystems
[Subsystems] Discovering subsystems at path C:/Users/d010941k/Documents/GitHub/Project_Olav/Project_Olav/Assets
GfxDevice: creating device client; threaded=0; jobified=0
Direct3D:
    Version:  Direct3D 11.0 [level 11.1]
    Renderer: NVIDIA GeForce RTX 3080 (ID=0x2206)
    Vendor:   NVIDIA
    VRAM:     10067 MB
    Driver:   31.0.15.2802
Initialize mono
Mono path[0] = 'C:/Program Files/Unity 2022.1.4f1/Editor/Data/Managed'
Mono path[1] = 'C:/Program Files/Unity 2022.1.4f1/Editor/Data/MonoBleedingEdge/lib/mono/unityjit-win32'
Mono config path = 'C:/Program Files/Unity 2022.1.4f1/Editor/Data/MonoBleedingEdge/etc'
Using monoOptions --debugger-agent=transport=dt_socket,embedding=1,server=y,suspend=n,address=127.0.0.1:56148
Begin MonoManager ReloadAssembly
Registering precompiled unity dll's ...
Register platform support module: C:/Program Files/Unity 2022.1.4f1/Editor/Data/PlaybackEngines/WebGLSupport/UnityEditor.WebGL.Extensions.dll
Register platform support module: C:/Program Files/Unity 2022.1.4f1/Editor/Data/PlaybackEngines/AndroidPlayer/UnityEditor.Android.Extensions.dll
Register platform support module: C:/Program Files/Unity 2022.1.4f1/Editor/Data/PlaybackEngines/WindowsStandaloneSupport/UnityEditor.WindowsStandalone.Extensions.dll
Registered in 0.005027 seconds.
Native extension for WindowsStandalone target not found
Native extension for Android target not found
Native extension for WebGL target not found
Refreshing native plugins compatible for Editor in 149.24 ms, found 3 plugins.
Preloading 0 native plugins for Editor in 0.00 ms.
Mono: successfully reloaded assembly
- Completed reload, in  0.910 seconds
Domain Reload Profiling:
	ReloadAssembly (910ms)
		BeginReloadAssembly (85ms)
			ExecutionOrderSort (0ms)
			DisableScriptedObjects (0ms)
			BackupInstance (0ms)
			ReleaseScriptingObjects (0ms)
			CreateAndSetChildDomain (1ms)
		EndReloadAssembly (710ms)
			LoadAssemblies (83ms)
			RebuildTransferFunctionScriptingTraits (0ms)
			SetupTypeCache (130ms)
				TypeCache.Initialize (130ms)
					TypeCache.ScanAssembly (129ms)
				ResolveRequiredComponents (1ms)
			ReleaseScriptCaches (0ms)
			RebuildScriptCaches (35ms)
			SetupLoadedEditorAssemblies (486ms)
				LogAssemblyErrors (0ms)
				InitializePlatformSupportModulesInManaged (50ms)
				SetLoadedEditorAssemblies (7ms)
				RefreshPlugins (149ms)
				BeforeProcessingInitializeOnLoad (1ms)
				ProcessInitializeOnLoadAttributes (225ms)
				ProcessInitializeOnLoadMethodAttributes (53ms)
				AfterProcessingInitializeOnLoad (0ms)
				EditorAssembliesLoaded (0ms)
			ExecutionOrderSort2 (0ms)
			AwakeInstancesAfterBackupRestoration (0ms)
Platform modules already initialized, skipping
Registering precompiled user dll's ...
Registered in 0.007825 seconds.
Begin MonoManager ReloadAssembly
Symbol file LoadedFromMemory doesn't match image C:\Users\d010941k\Documents\GitHub\Project_Olav\Project_Olav\Library\PackageCache\com.unity.visualscripting@1.7.8\Editor\VisualScripting.Core\Dependencies\YamlDotNet\Unity.VisualScripting.YamlDotNet.dll
Symbol file LoadedFromMemory doesn't match image C:\Users\d010941k\Documents\GitHub\Project_Olav\Project_Olav\Library\PackageCache\com.unity.visualscripting@1.7.8\Editor\VisualScripting.Core\Dependencies\DotNetZip\Unity.VisualScripting.IonicZip.dll
Native extension for WindowsStandalone target not found
Native extension for Android target not found
Native extension for WebGL target not found
Refreshing native plugins compatible for Editor in 144.57 ms, found 3 plugins.
Preloading 0 native plugins for Editor in 0.00 ms.
Mono: successfully reloaded assembly
- Completed reload, in  1.746 seconds
Domain Reload Profiling:
	ReloadAssembly (1747ms)
		BeginReloadAssembly (141ms)
			ExecutionOrderSort (0ms)
			DisableScriptedObjects (6ms)
			BackupInstance (0ms)
			ReleaseScriptingObjects (0ms)
			CreateAndSetChildDomain (23ms)
		EndReloadAssembly (1478ms)
			LoadAssemblies (103ms)
			RebuildTransferFunctionScriptingTraits (0ms)
			SetupTypeCache (414ms)
				TypeCache.Initialize (401ms)
					TypeCache.ScanAssembly (395ms)
				ResolveRequiredComponents (14ms)
			ReleaseScriptCaches (1ms)
			RebuildScriptCaches (92ms)
			SetupLoadedEditorAssemblies (800ms)
				LogAssemblyErrors (0ms)
				InitializePlatformSupportModulesInManaged (23ms)
				SetLoadedEditorAssemblies (7ms)
				RefreshPlugins (145ms)
				BeforeProcessingInitializeOnLoad (148ms)
				ProcessInitializeOnLoadAttributes (372ms)
				ProcessInitializeOnLoadMethodAttributes (98ms)
				AfterProcessingInitializeOnLoad (7ms)
				EditorAssembliesLoaded (0ms)
			ExecutionOrderSort2 (0ms)
			AwakeInstancesAfterBackupRestoration (5ms)
Platform modules already initialized, skipping
========================================================================
Worker process is ready to serve import requests
Launched and connected shader compiler UnityShaderCompiler.exe after 0.05 seconds
Refreshing native plugins compatible for Editor in 2.00 ms, found 3 plugins.
Preloading 0 native plugins for Editor in 0.00 ms.
Unloading 6199 Unused Serialized files (Serialized files now loaded: 0)
Unloading 53 unused Assets / (471.9 KB). Loaded Objects now: 6662.
Memory consumption went from 0.96 GB to 0.96 GB.
Total: 7.638700 ms (FindLiveObjects: 0.689200 ms CreateObjectMapping: 0.685600 ms MarkObjects: 5.925200 ms  DeleteObjects: 0.336600 ms)

AssetImportParameters requested are different than current active one (requested -> active):
  custom:video-decoder-ogg-theora: a1e56fd34408186e4bbccfd4996cb3dc -> 
  custom:container-muxer-webm: aa71ff27fc2769a1b78a27578f13a17b -> 
  custom:container-demuxer-webm: 4f35f7cbe854078d1ac9338744f61a02 -> 
  custom:video-encoder-webm-vp8: eb34c28f22e8b96e1ab97ce403110664 -> 
  custom:audio-encoder-webm-vorbis: bf7c407c2cedff20999df2af8eb42d56 -> 
  custom:framework-win-MediaFoundation: 216162199b28c13a410421893ffa2e32 -> 
  custom:container-demuxer-ogg: 62fdf1f143b41e24485cea50d1cbac27 -> 
  custom:video-decoder-webm-vp8: 9c59270c3fd7afecdb556c50c9e8de78 -> 
  custom:audio-decoder-ogg-vorbis: bf7c407c2cedff20999df2af8eb42d56 -> 
========================================================================
Received Import Request.
  Time since last request: 18159.777451 seconds.
  path: Assets/Jump.mixer
  artifactKey: Guid(f966a14d93931b344924e67c8e5b7050) Importer(815301076,1909f56bfc062723c751e8b465ee728b)
Start importing Assets/Jump.mixer using Guid(f966a14d93931b344924e67c8e5b7050) Importer(815301076,1909f56bfc062723c751e8b465ee728b)  -> (artifact id: '0a49e2ec42cf6c9dcfb61c63e2703038') in 0.058762 seconds 
========================================================================
Received Import Request.
  Time since last request: 0.000039 seconds.
  path: Assets/627857.png
  artifactKey: Guid(ba4a38d82a603dc48bf343712aaf771d) Importer(815301076,1909f56bfc062723c751e8b465ee728b)
Start importing Assets/627857.png using Guid(ba4a38d82a603dc48bf343712aaf771d) Importer(815301076,1909f56bfc062723c751e8b465ee728b)  -> (artifact id: 'abb9c39026cdb0d4f4ffdebd7f5f4597') in 0.377181 seconds 
========================================================================
Received Import Request.
  Time since last request: 0.000031 seconds.
  path: Assets/Controls.inputactions
  artifactKey: Guid(2f13e11e6f59a0f4093df659246cf10c) Importer(815301076,1909f56bfc062723c751e8b465ee728b)
Start importing Assets/Controls.inputactions using Guid(2f13e11e6f59a0f4093df659246cf10c) Importer(815301076,1909f56bfc062723c751e8b465ee728b)  -> (artifact id: 'e2e290fe5710964d18f8a74a8a9a431b') in 0.012701 seconds 
========================================================================
Received Import Request.
  Time since last request: 0.000034 seconds.
  path: Assets/Music.mixer
  artifactKey: Guid(2fb6b4db17af2e940af7cbd31f217b95) Importer(815301076,1909f56bfc062723c751e8b465ee728b)
Start importing Assets/Music.mixer using Guid(2fb6b4db17af2e940af7cbd31f217b95) Importer(815301076,1909f56bfc062723c751e8b465ee728b)  -> (artifact id: 'ae6b72c3829d6059a904f4875708659b') in 0.008468 seconds 
========================================================================
Received Import Request.
  Time since last request: 0.000028 seconds.
  path: Assets/UniversalRenderPipelineGlobalSettings.asset
  artifactKey: Guid(38b35347542e5af4c9b140950c5b18db) Importer(815301076,1909f56bfc062723c751e8b465ee728b)
Start importing Assets/UniversalRenderPipelineGlobalSettings.asset using Guid(38b35347542e5af4c9b140950c5b18db) Importer(815301076,1909f56bfc062723c751e8b465ee728b)  -> (artifact id: '69e0a9ce4aa5cb9f003e7fe946761a1f') in 0.010717 seconds 
========================================================================
Received Import Request.
  Time since last request: 0.000027 seconds.
  path: Assets/Pengin.fbx
  artifactKey: Guid(8f57e23d2571dd049b0033b80be0dd6d) Importer(815301076,1909f56bfc062723c751e8b465ee728b)
Start importing Assets/Pengin.fbx using Guid(8f57e23d2571dd049b0033b80be0dd6d) Importer(815301076,1909f56bfc062723c751e8b465ee728b)  -> (artifact id: '8a814f5cab4bce4913d438a8f7d4b4bf') in 1.621421 seconds 
========================================================================
Received Import Request.
  Time since last request: 334.758285 seconds.
  path: Assets/Prefabs/Goal.prefab
  artifactKey: Guid(b8388f9284960174789b545c26d76288) Importer(815301076,1909f56bfc062723c751e8b465ee728b)
Start importing Assets/Prefabs/Goal.prefab using Guid(b8388f9284960174789b545c26d76288) Importer(815301076,1909f56bfc062723c751e8b465ee728b) Tried select unknown importer for id '-2' '00000000000000000000000000000000'
 -> (artifact id: '9f19395ac45e2f5a98407473eaba86c2') in 1.397297 seconds 
========================================================================
Received Import Request.
  Time since last request: 0.000033 seconds.
  path: Assets/Prefabs/Parking.prefab
  artifactKey: Guid(54959493e423b2e48a9ab393decf0e39) Importer(815301076,1909f56bfc062723c751e8b465ee728b)
Start importing Assets/Prefabs/Parking.prefab using Guid(54959493e423b2e48a9ab393decf0e39) Importer(815301076,1909f56bfc062723c751e8b465ee728b)  -> (artifact id: '42dc69b1db10d1a2d4c4ef294903e98e') in 0.016214 seconds 
========================================================================
Received Import Request.
  Time since last request: 0.000036 seconds.
  path: Assets/Prefabs/Kill.prefab
  artifactKey: Guid(8e50746c6ff6e2f4189c9a546d0d527a) Importer(815301076,1909f56bfc062723c751e8b465ee728b)
Start importing Assets/Prefabs/Kill.prefab using Guid(8e50746c6ff6e2f4189c9a546d0d527a) Importer(815301076,1909f56bfc062723c751e8b465ee728b) Tried select unknown importer for id '-2' '00000000000000000000000000000000'
 -> (artifact id: '3f01638ce47987576bca9f414c55a69c') in 0.017369 seconds 
========================================================================
Received Import Request.
  Time since last request: 0.000028 seconds.
  path: Assets/Prefabs/MainCamera.prefab
  artifactKey: Guid(be72802b897e627459848f6c91e4a045) Importer(815301076,1909f56bfc062723c751e8b465ee728b)
Start importing Assets/Prefabs/MainCamera.prefab using Guid(be72802b897e627459848f6c91e4a045) Importer(815301076,1909f56bfc062723c751e8b465ee728b)  -> (artifact id: 'dd13520aeb318557c8f3da50a1f60205') in 0.017028 seconds 
========================================================================
Received Import Request.
  Time since last request: 0.000028 seconds.
  path: Assets/Prefabs/Sign.prefab
  artifactKey: Guid(727dd352aacd06d49a24c65414a1fc51) Importer(815301076,1909f56bfc062723c751e8b465ee728b)
Start importing Assets/Prefabs/Sign.prefab using Guid(727dd352aacd06d49a24c65414a1fc51) Importer(815301076,1909f56bfc062723c751e8b465ee728b)  -> (artifact id: '915caed5cec24823611a2decc47357ea') in 0.047433 seconds 
========================================================================
Received Import Request.
  Time since last request: 0.000030 seconds.
  path: Assets/Prefabs/Player 1.prefab
  artifactKey: Guid(87241560af61c5c4ca1f47dd49eb3d7f) Importer(815301076,1909f56bfc062723c751e8b465ee728b)
Start importing Assets/Prefabs/Player 1.prefab using Guid(87241560af61c5c4ca1f47dd49eb3d7f) Importer(815301076,1909f56bfc062723c751e8b465ee728b)  -> (artifact id: '2218c9fe61a1fe6ee24c0151fc492730') in 1.066823 seconds 
========================================================================
Received Import Request.
  Time since last request: 2.579910 seconds.
  path: Assets/Paulisia_S/3D Game Kit - Lowpoly city assets/Prefabs/decorations/bin.prefab
  artifactKey: Guid(f2bda55154a958745875b5f53c67e688) Importer(815301076,1909f56bfc062723c751e8b465ee728b)
Start importing Assets/Paulisia_S/3D Game Kit - Lowpoly city assets/Prefabs/decorations/bin.prefab using Guid(f2bda55154a958745875b5f53c67e688) Importer(815301076,1909f56bfc062723c751e8b465ee728b)  -> (artifact id: '04cf9d57c2efb4c9661cac888f8bf1fd') in 0.022342 seconds 
========================================================================
Received Import Request.
  Time since last request: 0.000028 seconds.
  path: Assets/Paulisia_S/3D Game Kit - Lowpoly city assets/Prefabs/decorations/grass.prefab
  artifactKey: Guid(aed1d06ebc5c54e4b90f63b5c31de396) Importer(815301076,1909f56bfc062723c751e8b465ee728b)
Start importing Assets/Paulisia_S/3D Game Kit - Lowpoly city assets/Prefabs/decorations/grass.prefab using Guid(aed1d06ebc5c54e4b90f63b5c31de396) Importer(815301076,1909f56bfc062723c751e8b465ee728b)  -> (artifact id: '38f6506f28a4794a427fe35f004328a5') in 1.632041 seconds 
========================================================================
Received Import Request.
  Time since last request: 0.000048 seconds.
  path: Assets/Paulisia_S/3D Game Kit - Lowpoly city assets/Prefabs/decorations/cone.prefab
  artifactKey: Guid(34788b30add9e72439c38d7308e9c012) Importer(815301076,1909f56bfc062723c751e8b465ee728b)
Start importing Assets/Paulisia_S/3D Game Kit - Lowpoly city assets/Prefabs/decorations/cone.prefab using Guid(34788b30add9e72439c38d7308e9c012) Importer(815301076,1909f56bfc062723c751e8b465ee728b)  -> (artifact id: 'b01d96d6bc03bef274c9657a45e4ae52') in 0.020794 seconds 
========================================================================
Received Import Request.
  Time since last request: 0.000046 seconds.
  path: Assets/Paulisia_S/3D Game Kit - Lowpoly city assets/Prefabs/decorations/lantern.prefab
  artifactKey: Guid(a5d461aa5b51a3644a52c087422d7b69) Importer(815301076,1909f56bfc062723c751e8b465ee728b)
Start importing Assets/Paulisia_S/3D Game Kit - Lowpoly city assets/Prefabs/decorations/lantern.prefab using Guid(a5d461aa5b51a3644a52c087422d7b69) Importer(815301076,1909f56bfc062723c751e8b465ee728b)  -> (artifact id: '3f5524430e2769d35ae81b7d9918df28') in 1.262689 seconds 
========================================================================
Received Import Request.
  Time since last request: 15.428022 seconds.
  path: Assets/Park Assets/Prefab/Cloud.prefab
  artifactKey: Guid(167eea3bc677b924a931082264cd3fbb) Importer(815301076,1909f56bfc062723c751e8b465ee728b)
Start importing Assets/Park Assets/Prefab/Cloud.prefab using Guid(167eea3bc677b924a931082264cd3fbb) Importer(815301076,1909f56bfc062723c751e8b465ee728b)  -> (artifact id: '3b531322dd08c91fb618df5b84e0f606') in 0.021472 seconds 
========================================================================
Received Import Request.
  Time since last request: 0.000037 seconds.
  path: Assets/Park Assets/Prefab/Flower_1.prefab
  artifactKey: Guid(8d371c1d43d56e94b93bffa2f926a5f1) Importer(815301076,1909f56bfc062723c751e8b465ee728b)
Start importing Assets/Park Assets/Prefab/Flower_1.prefab using Guid(8d371c1d43d56e94b93bffa2f926a5f1) Importer(815301076,1909f56bfc062723c751e8b465ee728b)  -> (artifact id: '5469247ae19c713b40ce22540fbb1958') in 0.022144 seconds 
========================================================================
Received Import Request.
  Time since last request: 0.000031 seconds.
  path: Assets/Park Assets/Prefab/Grass_01.prefab
  artifactKey: Guid(b5ce2da01dc06ad42b537d328b606c13) Importer(815301076,1909f56bfc062723c751e8b465ee728b)
Start importing Assets/Park Assets/Prefab/Grass_01.prefab using Guid(b5ce2da01dc06ad42b537d328b606c13) Importer(815301076,1909f56bfc062723c751e8b465ee728b)  -> (artifact id: 'a8af03764a9b481384bfb4aebdee182f') in 0.020320 seconds 
========================================================================
Received Import Request.
  Time since last request: 0.000035 seconds.
  path: Assets/Park Assets/Prefab/Stone_Path_Straight.prefab
  artifactKey: Guid(2294ac72b60f4da46974d1f746b56439) Importer(815301076,1909f56bfc062723c751e8b465ee728b)
Start importing Assets/Park Assets/Prefab/Stone_Path_Straight.prefab using Guid(2294ac72b60f4da46974d1f746b56439) Importer(815301076,1909f56bfc062723c751e8b465ee728b)  -> (artifact id: 'df786336557ec326dc6009096a8a8d75') in 0.020252 seconds 
========================================================================
Received Import Request.
  Time since last request: 0.000028 seconds.
  path: Assets/Park Assets/Prefab/Stone_Path_EdgePiece.prefab
  artifactKey: Guid(c6e854f638107994fb7fcaf03c48c38e) Importer(815301076,1909f56bfc062723c751e8b465ee728b)
Start importing Assets/Park Assets/Prefab/Stone_Path_EdgePiece.prefab using Guid(c6e854f638107994fb7fcaf03c48c38e) Importer(815301076,1909f56bfc062723c751e8b465ee728b)  -> (artifact id: '16ae0aa900f9421f895f42f6db125505') in 0.019137 seconds 
Editor requested this worker to shutdown with reason: Scaling down because of idle timeout
AssetImportWorker is now disconnected from the server
Process exiting
Exiting without the bug reporter. Application will terminate with return code 0