Using pre-set license
Built from '2022.1/staging' branch; Version is '2022.1.4f1 (76dd1f94b339) revision 7789855'; Using compiler version '192829333'; Build Type 'Release'
OS: 'Windows 10  (10.0.19044) 64bit Enterprise' Language: 'en' Physical Memory: 32512 MB
BatchMode: 1, IsHumanControllingUs: 0, StartBugReporterOnCrash: 0, Is64bit: 1, IsPro: 1

COMMAND LINE ARGUMENTS:
C:\Program Files\Unity 2022.1.4f1\Editor\Unity.exe
-adb2
-batchMode
-noUpm
-name
AssetImportWorker7
-projectPath
C:/Users/d010941k/Documents/GitHub/Project_Olav/Project_Olav
-logFile
Logs/AssetImportWorker7.log
-srvPort
63823
Successfully changed project path to: C:/Users/d010941k/Documents/GitHub/Project_Olav/Project_Olav
C:/Users/d010941k/Documents/GitHub/Project_Olav/Project_Olav
[UnityMemory] Configuration Parameters - Can be set up in boot.config
    "memorysetup-bucket-allocator-granularity=16"
    "memorysetup-bucket-allocator-bucket-count=8"
    "memorysetup-bucket-allocator-block-size=33554432"
    "memorysetup-bucket-allocator-block-count=8"
    "memorysetup-main-allocator-block-size=16777216"
    "memorysetup-thread-allocator-block-size=16777216"
    "memorysetup-gfx-main-allocator-block-size=16777216"
    "memorysetup-gfx-thread-allocator-block-size=16777216"
    "memorysetup-cache-allocator-block-size=4194304"
    "memorysetup-typetree-allocator-block-size=2097152"
    "memorysetup-profiler-bucket-allocator-granularity=16"
    "memorysetup-profiler-bucket-allocator-bucket-count=8"
    "memorysetup-profiler-bucket-allocator-block-size=33554432"
    "memorysetup-profiler-bucket-allocator-block-count=8"
    "memorysetup-profiler-allocator-block-size=16777216"
    "memorysetup-profiler-editor-allocator-block-size=1048576"
    "memorysetup-temp-allocator-size-main=16777216"
    "memorysetup-job-temp-allocator-block-size=2097152"
    "memorysetup-job-temp-allocator-block-size-background=1048576"
    "memorysetup-job-temp-allocator-reduction-small-platforms=262144"
    "memorysetup-temp-allocator-size-background-worker=32768"
    "memorysetup-temp-allocator-size-job-worker=262144"
    "memorysetup-temp-allocator-size-preload-manager=33554432"
    "memorysetup-temp-allocator-size-nav-mesh-worker=65536"
    "memorysetup-temp-allocator-size-audio-worker=65536"
    "memorysetup-temp-allocator-size-cloud-worker=32768"
    "memorysetup-temp-allocator-size-gi-baking-worker=262144"
    "memorysetup-temp-allocator-size-gfx=262144"
Refreshing native plugins compatible for Editor in 106.54 ms, found 3 plugins.
Preloading 0 native plugins for Editor in 0.00 ms.
Initialize engine version: 2022.1.4f1 (76dd1f94b339)
[Subsystems] Discovering subsystems at path C:/Program Files/Unity 2022.1.4f1/Editor/Data/Resources/UnitySubsystems
[Subsystems] Discovering subsystems at path C:/Users/d010941k/Documents/GitHub/Project_Olav/Project_Olav/Assets
GfxDevice: creating device client; threaded=0; jobified=0
Direct3D:
    Version:  Direct3D 11.0 [level 11.1]
    Renderer: NVIDIA GeForce RTX 3080 (ID=0x2206)
    Vendor:   NVIDIA
    VRAM:     10067 MB
    Driver:   31.0.15.2802
Initialize mono
Mono path[0] = 'C:/Program Files/Unity 2022.1.4f1/Editor/Data/Managed'
Mono path[1] = 'C:/Program Files/Unity 2022.1.4f1/Editor/Data/MonoBleedingEdge/lib/mono/unityjit-win32'
Mono config path = 'C:/Program Files/Unity 2022.1.4f1/Editor/Data/MonoBleedingEdge/etc'
Using monoOptions --debugger-agent=transport=dt_socket,embedding=1,server=y,suspend=n,address=127.0.0.1:56260
Begin MonoManager ReloadAssembly
Registering precompiled unity dll's ...
Register platform support module: C:/Program Files/Unity 2022.1.4f1/Editor/Data/PlaybackEngines/WebGLSupport/UnityEditor.WebGL.Extensions.dll
Register platform support module: C:/Program Files/Unity 2022.1.4f1/Editor/Data/PlaybackEngines/AndroidPlayer/UnityEditor.Android.Extensions.dll
Register platform support module: C:/Program Files/Unity 2022.1.4f1/Editor/Data/PlaybackEngines/WindowsStandaloneSupport/UnityEditor.WindowsStandalone.Extensions.dll
Registered in 0.004760 seconds.
Native extension for WindowsStandalone target not found
Native extension for Android target not found
Native extension for WebGL target not found
Refreshing native plugins compatible for Editor in 109.24 ms, found 3 plugins.
Preloading 0 native plugins for Editor in 0.00 ms.
Mono: successfully reloaded assembly
- Completed reload, in  0.651 seconds
Domain Reload Profiling:
	ReloadAssembly (652ms)
		BeginReloadAssembly (72ms)
			ExecutionOrderSort (0ms)
			DisableScriptedObjects (0ms)
			BackupInstance (0ms)
			ReleaseScriptingObjects (0ms)
			CreateAndSetChildDomain (1ms)
		EndReloadAssembly (473ms)
			LoadAssemblies (71ms)
			RebuildTransferFunctionScriptingTraits (0ms)
			SetupTypeCache (119ms)
				TypeCache.Initialize (118ms)
					TypeCache.ScanAssembly (115ms)
				ResolveRequiredComponents (0ms)
			ReleaseScriptCaches (0ms)
			RebuildScriptCaches (24ms)
			SetupLoadedEditorAssemblies (283ms)
				LogAssemblyErrors (0ms)
				InitializePlatformSupportModulesInManaged (39ms)
				SetLoadedEditorAssemblies (6ms)
				RefreshPlugins (109ms)
				BeforeProcessingInitializeOnLoad (1ms)
				ProcessInitializeOnLoadAttributes (91ms)
				ProcessInitializeOnLoadMethodAttributes (36ms)
				AfterProcessingInitializeOnLoad (0ms)
				EditorAssembliesLoaded (0ms)
			ExecutionOrderSort2 (0ms)
			AwakeInstancesAfterBackupRestoration (0ms)
Platform modules already initialized, skipping
Registering precompiled user dll's ...
Registered in 0.008003 seconds.
Begin MonoManager ReloadAssembly
Symbol file LoadedFromMemory doesn't match image C:\Users\d010941k\Documents\GitHub\Project_Olav\Project_Olav\Library\PackageCache\com.unity.visualscripting@1.7.8\Editor\VisualScripting.Core\Dependencies\YamlDotNet\Unity.VisualScripting.YamlDotNet.dll
Symbol file LoadedFromMemory doesn't match image C:\Users\d010941k\Documents\GitHub\Project_Olav\Project_Olav\Library\PackageCache\com.unity.visualscripting@1.7.8\Editor\VisualScripting.Core\Dependencies\DotNetZip\Unity.VisualScripting.IonicZip.dll
Native extension for WindowsStandalone target not found
Native extension for Android target not found
Native extension for WebGL target not found
Refreshing native plugins compatible for Editor in 105.00 ms, found 3 plugins.
Preloading 0 native plugins for Editor in 0.00 ms.
Mono: successfully reloaded assembly
- Completed reload, in  1.297 seconds
Domain Reload Profiling:
	ReloadAssembly (1298ms)
		BeginReloadAssembly (100ms)
			ExecutionOrderSort (0ms)
			DisableScriptedObjects (5ms)
			BackupInstance (0ms)
			ReleaseScriptingObjects (0ms)
			CreateAndSetChildDomain (19ms)
		EndReloadAssembly (1112ms)
			LoadAssemblies (88ms)
			RebuildTransferFunctionScriptingTraits (0ms)
			SetupTypeCache (279ms)
				TypeCache.Initialize (268ms)
					TypeCache.ScanAssembly (264ms)
				ResolveRequiredComponents (10ms)
			ReleaseScriptCaches (1ms)
			RebuildScriptCaches (64ms)
			SetupLoadedEditorAssemblies (631ms)
				LogAssemblyErrors (0ms)
				InitializePlatformSupportModulesInManaged (18ms)
				SetLoadedEditorAssemblies (6ms)
				RefreshPlugins (105ms)
				BeforeProcessingInitializeOnLoad (114ms)
				ProcessInitializeOnLoadAttributes (304ms)
				ProcessInitializeOnLoadMethodAttributes (78ms)
				AfterProcessingInitializeOnLoad (6ms)
				EditorAssembliesLoaded (0ms)
			ExecutionOrderSort2 (0ms)
			AwakeInstancesAfterBackupRestoration (5ms)
Platform modules already initialized, skipping
========================================================================
Worker process is ready to serve import requests
Launched and connected shader compiler UnityShaderCompiler.exe after 0.03 seconds
Refreshing native plugins compatible for Editor in 0.92 ms, found 3 plugins.
Preloading 0 native plugins for Editor in 0.00 ms.
Unloading 6195 Unused Serialized files (Serialized files now loaded: 0)
Unloading 53 unused Assets / (457.5 KB). Loaded Objects now: 6659.
Memory consumption went from 0.96 GB to 0.96 GB.
Total: 4.194800 ms (FindLiveObjects: 0.527200 ms CreateObjectMapping: 0.333200 ms MarkObjects: 3.125000 ms  DeleteObjects: 0.208500 ms)

AssetImportParameters requested are different than current active one (requested -> active):
  custom:video-decoder-ogg-theora: a1e56fd34408186e4bbccfd4996cb3dc -> 
  custom:container-muxer-webm: aa71ff27fc2769a1b78a27578f13a17b -> 
  custom:container-demuxer-webm: 4f35f7cbe854078d1ac9338744f61a02 -> 
  custom:video-encoder-webm-vp8: eb34c28f22e8b96e1ab97ce403110664 -> 
  custom:audio-encoder-webm-vorbis: bf7c407c2cedff20999df2af8eb42d56 -> 
  custom:framework-win-MediaFoundation: 216162199b28c13a410421893ffa2e32 -> 
  custom:container-demuxer-ogg: 62fdf1f143b41e24485cea50d1cbac27 -> 
  custom:video-decoder-webm-vp8: 9c59270c3fd7afecdb556c50c9e8de78 -> 
  custom:audio-decoder-ogg-vorbis: bf7c407c2cedff20999df2af8eb42d56 -> 
========================================================================
Received Prepare
Registering precompiled user dll's ...
Registered in 0.005567 seconds.
Begin MonoManager ReloadAssembly
Symbol file LoadedFromMemory doesn't match image C:\Users\d010941k\Documents\GitHub\Project_Olav\Project_Olav\Library\PackageCache\com.unity.visualscripting@1.7.8\Editor\VisualScripting.Core\Dependencies\YamlDotNet\Unity.VisualScripting.YamlDotNet.dll
Symbol file LoadedFromMemory doesn't match image C:\Users\d010941k\Documents\GitHub\Project_Olav\Project_Olav\Library\PackageCache\com.unity.visualscripting@1.7.8\Editor\VisualScripting.Core\Dependencies\DotNetZip\Unity.VisualScripting.IonicZip.dll
Native extension for WindowsStandalone target not found
Native extension for Android target not found
Native extension for WebGL target not found
Refreshing native plugins compatible for Editor in 0.96 ms, found 3 plugins.
Preloading 0 native plugins for Editor in 0.00 ms.
Mono: successfully reloaded assembly
- Completed reload, in  1.116 seconds
Domain Reload Profiling:
	ReloadAssembly (1117ms)
		BeginReloadAssembly (123ms)
			ExecutionOrderSort (0ms)
			DisableScriptedObjects (7ms)
			BackupInstance (0ms)
			ReleaseScriptingObjects (0ms)
			CreateAndSetChildDomain (39ms)
		EndReloadAssembly (919ms)
			LoadAssemblies (75ms)
			RebuildTransferFunctionScriptingTraits (0ms)
			SetupTypeCache (261ms)
				TypeCache.Initialize (251ms)
					TypeCache.ScanAssembly (245ms)
				ResolveRequiredComponents (10ms)
			ReleaseScriptCaches (2ms)
			RebuildScriptCaches (42ms)
			SetupLoadedEditorAssemblies (475ms)
				LogAssemblyErrors (0ms)
				InitializePlatformSupportModulesInManaged (19ms)
				SetLoadedEditorAssemblies (6ms)
				RefreshPlugins (1ms)
				BeforeProcessingInitializeOnLoad (84ms)
				ProcessInitializeOnLoadAttributes (281ms)
				ProcessInitializeOnLoadMethodAttributes (77ms)
				AfterProcessingInitializeOnLoad (7ms)
				EditorAssembliesLoaded (0ms)
			ExecutionOrderSort2 (0ms)
			AwakeInstancesAfterBackupRestoration (7ms)
Platform modules already initialized, skipping
Refreshing native plugins compatible for Editor in 2.50 ms, found 3 plugins.
Preloading 0 native plugins for Editor in 0.00 ms.
Unloading 6028 Unused Serialized files (Serialized files now loaded: 0)
Unloading 28 unused Assets / (424.5 KB). Loaded Objects now: 6675.
Memory consumption went from 0.93 GB to 0.93 GB.
Total: 3.291500 ms (FindLiveObjects: 0.378000 ms CreateObjectMapping: 0.286000 ms MarkObjects: 2.472500 ms  DeleteObjects: 0.153900 ms)

AssetImportParameters requested are different than current active one (requested -> active):
  custom:video-decoder-ogg-theora: a1e56fd34408186e4bbccfd4996cb3dc -> 
  custom:container-muxer-webm: aa71ff27fc2769a1b78a27578f13a17b -> 
  custom:container-demuxer-webm: 4f35f7cbe854078d1ac9338744f61a02 -> 
  custom:video-encoder-webm-vp8: eb34c28f22e8b96e1ab97ce403110664 -> 
  custom:audio-encoder-webm-vorbis: bf7c407c2cedff20999df2af8eb42d56 -> 
  custom:framework-win-MediaFoundation: 216162199b28c13a410421893ffa2e32 -> 
  custom:container-demuxer-ogg: 62fdf1f143b41e24485cea50d1cbac27 -> 
  custom:video-decoder-webm-vp8: 9c59270c3fd7afecdb556c50c9e8de78 -> 
  custom:audio-decoder-ogg-vorbis: bf7c407c2cedff20999df2af8eb42d56 -> 
========================================================================
Received Prepare
Registering precompiled user dll's ...
Registered in 0.005226 seconds.
Begin MonoManager ReloadAssembly
Symbol file LoadedFromMemory doesn't match image C:\Users\d010941k\Documents\GitHub\Project_Olav\Project_Olav\Library\PackageCache\com.unity.visualscripting@1.7.8\Editor\VisualScripting.Core\Dependencies\YamlDotNet\Unity.VisualScripting.YamlDotNet.dll
Symbol file LoadedFromMemory doesn't match image C:\Users\d010941k\Documents\GitHub\Project_Olav\Project_Olav\Library\PackageCache\com.unity.visualscripting@1.7.8\Editor\VisualScripting.Core\Dependencies\DotNetZip\Unity.VisualScripting.IonicZip.dll
Native extension for WindowsStandalone target not found
Native extension for Android target not found
Native extension for WebGL target not found
Refreshing native plugins compatible for Editor in 0.90 ms, found 3 plugins.
Preloading 0 native plugins for Editor in 0.00 ms.
Mono: successfully reloaded assembly
- Completed reload, in  1.091 seconds
Domain Reload Profiling:
	ReloadAssembly (1091ms)
		BeginReloadAssembly (113ms)
			ExecutionOrderSort (0ms)
			DisableScriptedObjects (5ms)
			BackupInstance (0ms)
			ReleaseScriptingObjects (0ms)
			CreateAndSetChildDomain (35ms)
		EndReloadAssembly (890ms)
			LoadAssemblies (74ms)
			RebuildTransferFunctionScriptingTraits (0ms)
			SetupTypeCache (241ms)
				TypeCache.Initialize (231ms)
					TypeCache.ScanAssembly (225ms)
				ResolveRequiredComponents (10ms)
			ReleaseScriptCaches (2ms)
			RebuildScriptCaches (45ms)
			SetupLoadedEditorAssemblies (475ms)
				LogAssemblyErrors (0ms)
				InitializePlatformSupportModulesInManaged (22ms)
				SetLoadedEditorAssemblies (6ms)
				RefreshPlugins (1ms)
				BeforeProcessingInitializeOnLoad (84ms)
				ProcessInitializeOnLoadAttributes (282ms)
				ProcessInitializeOnLoadMethodAttributes (73ms)
				AfterProcessingInitializeOnLoad (6ms)
				EditorAssembliesLoaded (0ms)
			ExecutionOrderSort2 (0ms)
			AwakeInstancesAfterBackupRestoration (7ms)
Platform modules already initialized, skipping
Refreshing native plugins compatible for Editor in 2.25 ms, found 3 plugins.
Preloading 0 native plugins for Editor in 0.00 ms.
Unloading 6028 Unused Serialized files (Serialized files now loaded: 0)
Unloading 28 unused Assets / (440.1 KB). Loaded Objects now: 6691.
Memory consumption went from 0.93 GB to 0.93 GB.
Total: 3.276400 ms (FindLiveObjects: 0.357500 ms CreateObjectMapping: 0.215500 ms MarkObjects: 2.553000 ms  DeleteObjects: 0.149000 ms)

AssetImportParameters requested are different than current active one (requested -> active):
  custom:video-decoder-ogg-theora: a1e56fd34408186e4bbccfd4996cb3dc -> 
  custom:container-muxer-webm: aa71ff27fc2769a1b78a27578f13a17b -> 
  custom:container-demuxer-webm: 4f35f7cbe854078d1ac9338744f61a02 -> 
  custom:video-encoder-webm-vp8: eb34c28f22e8b96e1ab97ce403110664 -> 
  custom:audio-encoder-webm-vorbis: bf7c407c2cedff20999df2af8eb42d56 -> 
  custom:framework-win-MediaFoundation: 216162199b28c13a410421893ffa2e32 -> 
  custom:container-demuxer-ogg: 62fdf1f143b41e24485cea50d1cbac27 -> 
  custom:video-decoder-webm-vp8: 9c59270c3fd7afecdb556c50c9e8de78 -> 
  custom:audio-decoder-ogg-vorbis: bf7c407c2cedff20999df2af8eb42d56 -> 
========================================================================
Received Prepare
Registering precompiled user dll's ...
Registered in 0.006555 seconds.
Begin MonoManager ReloadAssembly
Symbol file LoadedFromMemory doesn't match image C:\Users\d010941k\Documents\GitHub\Project_Olav\Project_Olav\Library\PackageCache\com.unity.visualscripting@1.7.8\Editor\VisualScripting.Core\Dependencies\YamlDotNet\Unity.VisualScripting.YamlDotNet.dll
Symbol file LoadedFromMemory doesn't match image C:\Users\d010941k\Documents\GitHub\Project_Olav\Project_Olav\Library\PackageCache\com.unity.visualscripting@1.7.8\Editor\VisualScripting.Core\Dependencies\DotNetZip\Unity.VisualScripting.IonicZip.dll
Native extension for WindowsStandalone target not found
Native extension for Android target not found
Native extension for WebGL target not found
Refreshing native plugins compatible for Editor in 1.18 ms, found 3 plugins.
Preloading 0 native plugins for Editor in 0.00 ms.
Mono: successfully reloaded assembly
- Completed reload, in  1.105 seconds
Domain Reload Profiling:
	ReloadAssembly (1105ms)
		BeginReloadAssembly (117ms)
			ExecutionOrderSort (0ms)
			DisableScriptedObjects (4ms)
			BackupInstance (0ms)
			ReleaseScriptingObjects (0ms)
			CreateAndSetChildDomain (35ms)
		EndReloadAssembly (906ms)
			LoadAssemblies (79ms)
			RebuildTransferFunctionScriptingTraits (0ms)
			SetupTypeCache (257ms)
				TypeCache.Initialize (245ms)
					TypeCache.ScanAssembly (239ms)
				ResolveRequiredComponents (12ms)
			ReleaseScriptCaches (2ms)
			RebuildScriptCaches (43ms)
			SetupLoadedEditorAssemblies (470ms)
				LogAssemblyErrors (0ms)
				InitializePlatformSupportModulesInManaged (19ms)
				SetLoadedEditorAssemblies (6ms)
				RefreshPlugins (1ms)
				BeforeProcessingInitializeOnLoad (83ms)
				ProcessInitializeOnLoadAttributes (281ms)
				ProcessInitializeOnLoadMethodAttributes (73ms)
				AfterProcessingInitializeOnLoad (6ms)
				EditorAssembliesLoaded (0ms)
			ExecutionOrderSort2 (0ms)
			AwakeInstancesAfterBackupRestoration (7ms)
Platform modules already initialized, skipping
Refreshing native plugins compatible for Editor in 2.64 ms, found 3 plugins.
Preloading 0 native plugins for Editor in 0.00 ms.
Unloading 6028 Unused Serialized files (Serialized files now loaded: 0)
Unloading 28 unused Assets / (424.6 KB). Loaded Objects now: 6707.
Memory consumption went from 0.93 GB to 0.93 GB.
Total: 3.525200 ms (FindLiveObjects: 0.373600 ms CreateObjectMapping: 0.282700 ms MarkObjects: 2.719300 ms  DeleteObjects: 0.148300 ms)

AssetImportParameters requested are different than current active one (requested -> active):
  custom:video-decoder-ogg-theora: a1e56fd34408186e4bbccfd4996cb3dc -> 
  custom:container-muxer-webm: aa71ff27fc2769a1b78a27578f13a17b -> 
  custom:container-demuxer-webm: 4f35f7cbe854078d1ac9338744f61a02 -> 
  custom:video-encoder-webm-vp8: eb34c28f22e8b96e1ab97ce403110664 -> 
  custom:audio-encoder-webm-vorbis: bf7c407c2cedff20999df2af8eb42d56 -> 
  custom:framework-win-MediaFoundation: 216162199b28c13a410421893ffa2e32 -> 
  custom:container-demuxer-ogg: 62fdf1f143b41e24485cea50d1cbac27 -> 
  custom:video-decoder-webm-vp8: 9c59270c3fd7afecdb556c50c9e8de78 -> 
  custom:audio-decoder-ogg-vorbis: bf7c407c2cedff20999df2af8eb42d56 -> 
========================================================================
Received Import Request.
  Time since last request: 128188.530556 seconds.
  path: Assets/Paulisia_S/3D Game Kit - Lowpoly city assets/Prefabs/decorations/bench.prefab
  artifactKey: Guid(85a97115d9e2c01489ae2c70d55813aa) Importer(815301076,1909f56bfc062723c751e8b465ee728b)
Start importing Assets/Paulisia_S/3D Game Kit - Lowpoly city assets/Prefabs/decorations/bench.prefab using Guid(85a97115d9e2c01489ae2c70d55813aa) Importer(815301076,1909f56bfc062723c751e8b465ee728b)  -> (artifact id: '59d6e4a25b77b909467cd215a4cf505e') in 0.272804 seconds 
========================================================================
Received Import Request.
  Time since last request: 0.000029 seconds.
  path: Assets/Paulisia_S/3D Game Kit - Lowpoly city assets/Prefabs/decorations/Whole Road.prefab
  artifactKey: Guid(2c37808711717e44aad7dc9bd1f57996) Importer(815301076,1909f56bfc062723c751e8b465ee728b)
Start importing Assets/Paulisia_S/3D Game Kit - Lowpoly city assets/Prefabs/decorations/Whole Road.prefab using Guid(2c37808711717e44aad7dc9bd1f57996) Importer(815301076,1909f56bfc062723c751e8b465ee728b)  -> (artifact id: '681888eefce46cbc7cf0ee95c235ab9f') in 0.024258 seconds 
========================================================================
Received Import Request.
  Time since last request: 0.000038 seconds.
  path: Assets/Paulisia_S/3D Game Kit - Lowpoly city assets/Prefabs/decorations/bush.prefab
  artifactKey: Guid(729af95f831fd2c479f0d0d8e2239d0c) Importer(815301076,1909f56bfc062723c751e8b465ee728b)
Start importing Assets/Paulisia_S/3D Game Kit - Lowpoly city assets/Prefabs/decorations/bush.prefab using Guid(729af95f831fd2c479f0d0d8e2239d0c) Importer(815301076,1909f56bfc062723c751e8b465ee728b)  -> (artifact id: 'eb3841d2e6545274346b59d1d13a4323') in 0.018892 seconds 
========================================================================
Received Import Request.
  Time since last request: 0.000034 seconds.
  path: Assets/Paulisia_S/3D Game Kit - Lowpoly city assets/Prefabs/decorations/umbrella.prefab
  artifactKey: Guid(ea2cfc259e68b2e44b8c38770eb2a864) Importer(815301076,1909f56bfc062723c751e8b465ee728b)
Start importing Assets/Paulisia_S/3D Game Kit - Lowpoly city assets/Prefabs/decorations/umbrella.prefab using Guid(ea2cfc259e68b2e44b8c38770eb2a864) Importer(815301076,1909f56bfc062723c751e8b465ee728b)  -> (artifact id: 'f94ba9a62d84de4c4b4581ce2a3c24fa') in 0.017112 seconds 
========================================================================
Received Import Request.
  Time since last request: 0.000030 seconds.
  path: Assets/Paulisia_S/3D Game Kit - Lowpoly city assets/Prefabs/decorations/tree_1.prefab
  artifactKey: Guid(9451f5884e934504d816252d760ab2a1) Importer(815301076,1909f56bfc062723c751e8b465ee728b)
Start importing Assets/Paulisia_S/3D Game Kit - Lowpoly city assets/Prefabs/decorations/tree_1.prefab using Guid(9451f5884e934504d816252d760ab2a1) Importer(815301076,1909f56bfc062723c751e8b465ee728b)  -> (artifact id: 'fba6605a548777549f2d9790117ff3bd') in 0.019621 seconds 
========================================================================
Received Import Request.
  Time since last request: 0.000025 seconds.
  path: Assets/Paulisia_S/3D Game Kit - Lowpoly city assets/Prefabs/decorations/soda.prefab
  artifactKey: Guid(7fcac619570880e4eba240de4b43c8ec) Importer(815301076,1909f56bfc062723c751e8b465ee728b)
Start importing Assets/Paulisia_S/3D Game Kit - Lowpoly city assets/Prefabs/decorations/soda.prefab using Guid(7fcac619570880e4eba240de4b43c8ec) Importer(815301076,1909f56bfc062723c751e8b465ee728b)  -> (artifact id: 'a442336784fd7a2beae04f6538e9878d') in 0.044535 seconds 
========================================================================
Received Import Request.
  Time since last request: 0.000037 seconds.
  path: Assets/Paulisia_S/3D Game Kit - Lowpoly city assets/Prefabs/decorations/light_red.prefab
  artifactKey: Guid(7e62fb8797c595141a56770b7d8598eb) Importer(815301076,1909f56bfc062723c751e8b465ee728b)
Start importing Assets/Paulisia_S/3D Game Kit - Lowpoly city assets/Prefabs/decorations/light_red.prefab using Guid(7e62fb8797c595141a56770b7d8598eb) Importer(815301076,1909f56bfc062723c751e8b465ee728b)  -> (artifact id: '1597d7e2bf77650f0cf35a6045160cdd') in 0.014422 seconds 
========================================================================
Received Import Request.
  Time since last request: 0.000041 seconds.
  path: Assets/Paulisia_S/3D Game Kit - Lowpoly city assets/Prefabs/decorations/lantern.prefab
  artifactKey: Guid(a5d461aa5b51a3644a52c087422d7b69) Importer(815301076,1909f56bfc062723c751e8b465ee728b)
Start importing Assets/Paulisia_S/3D Game Kit - Lowpoly city assets/Prefabs/decorations/lantern.prefab using Guid(a5d461aa5b51a3644a52c087422d7b69) Importer(815301076,1909f56bfc062723c751e8b465ee728b)  -> (artifact id: 'f4fe7fc7c1ebef87c018dd8232c4ce0e') in 0.013060 seconds 
========================================================================
Received Import Request.
  Time since last request: 0.000038 seconds.
  path: Assets/Paulisia_S/3D Game Kit - Lowpoly city assets/Prefabs/decorations/car_light_red.prefab
  artifactKey: Guid(55ab9edd0dccddc4587edcfa25be9510) Importer(815301076,1909f56bfc062723c751e8b465ee728b)
Start importing Assets/Paulisia_S/3D Game Kit - Lowpoly city assets/Prefabs/decorations/car_light_red.prefab using Guid(55ab9edd0dccddc4587edcfa25be9510) Importer(815301076,1909f56bfc062723c751e8b465ee728b)  -> (artifact id: '0ddd4e9861bb19d44b9afbc112828a6c') in 0.014304 seconds 
========================================================================
Received Import Request.
  Time since last request: 0.000031 seconds.
  path: Assets/Paulisia_S/3D Game Kit - Lowpoly city assets/Prefabs/decorations/bin.prefab
  artifactKey: Guid(f2bda55154a958745875b5f53c67e688) Importer(815301076,1909f56bfc062723c751e8b465ee728b)
Start importing Assets/Paulisia_S/3D Game Kit - Lowpoly city assets/Prefabs/decorations/bin.prefab using Guid(f2bda55154a958745875b5f53c67e688) Importer(815301076,1909f56bfc062723c751e8b465ee728b)  -> (artifact id: '04cf9d57c2efb4c9661cac888f8bf1fd') in 0.015263 seconds 
========================================================================
Received Import Request.
  Time since last request: 0.000031 seconds.
  path: Assets/Paulisia_S/3D Game Kit - Lowpoly city assets/Prefabs/decorations/Roads.prefab
  artifactKey: Guid(135e08a406303a54797e07b0badcb4dd) Importer(815301076,1909f56bfc062723c751e8b465ee728b)
Start importing Assets/Paulisia_S/3D Game Kit - Lowpoly city assets/Prefabs/decorations/Roads.prefab using Guid(135e08a406303a54797e07b0badcb4dd) Importer(815301076,1909f56bfc062723c751e8b465ee728b)  -> (artifact id: '9cb105e6279ae674a1beab9c62592bf8') in 0.020383 seconds 
========================================================================
Received Import Request.
  Time since last request: 0.000036 seconds.
  path: Assets/Paulisia_S/3D Game Kit - Lowpoly city assets/Prefabs/decorations/bus_stop_sign.prefab
  artifactKey: Guid(14ea8cc5a510c8e4bbbcd9970a6bc163) Importer(815301076,1909f56bfc062723c751e8b465ee728b)
Start importing Assets/Paulisia_S/3D Game Kit - Lowpoly city assets/Prefabs/decorations/bus_stop_sign.prefab using Guid(14ea8cc5a510c8e4bbbcd9970a6bc163) Importer(815301076,1909f56bfc062723c751e8b465ee728b)  -> (artifact id: '540d3bde1cd9030b3abe9ab28d7818b4') in 0.014239 seconds 
========================================================================
Received Import Request.
  Time since last request: 0.000028 seconds.
  path: Assets/Paulisia_S/3D Game Kit - Lowpoly city assets/Prefabs/decorations/road_black.prefab
  artifactKey: Guid(38aa9050d53719844b1ab97b1bbadf62) Importer(815301076,1909f56bfc062723c751e8b465ee728b)
Start importing Assets/Paulisia_S/3D Game Kit - Lowpoly city assets/Prefabs/decorations/road_black.prefab using Guid(38aa9050d53719844b1ab97b1bbadf62) Importer(815301076,1909f56bfc062723c751e8b465ee728b)  -> (artifact id: '86569326822d61dd899cbe1f233384a4') in 0.015704 seconds 
========================================================================
Received Import Request.
  Time since last request: 0.000031 seconds.
  path: Assets/Paulisia_S/3D Game Kit - Lowpoly city assets/Prefabs/decorations/table.prefab
  artifactKey: Guid(41c4d8990ff25f9499d2b2b6cf366e85) Importer(815301076,1909f56bfc062723c751e8b465ee728b)
Start importing Assets/Paulisia_S/3D Game Kit - Lowpoly city assets/Prefabs/decorations/table.prefab using Guid(41c4d8990ff25f9499d2b2b6cf366e85) Importer(815301076,1909f56bfc062723c751e8b465ee728b)  -> (artifact id: '7bd6db6205c1cc28ec4ec181e24cc4be') in 0.015782 seconds 
========================================================================
Received Import Request.
  Time since last request: 0.000032 seconds.
  path: Assets/Paulisia_S/3D Game Kit - Lowpoly city assets/Prefabs/decorations/double_bin.prefab
  artifactKey: Guid(8518803c1b98fa74590a720a43710ee3) Importer(815301076,1909f56bfc062723c751e8b465ee728b)
Start importing Assets/Paulisia_S/3D Game Kit - Lowpoly city assets/Prefabs/decorations/double_bin.prefab using Guid(8518803c1b98fa74590a720a43710ee3) Importer(815301076,1909f56bfc062723c751e8b465ee728b)  -> (artifact id: '62682e726a8440263f0efceef81d39ea') in 0.016958 seconds 
========================================================================
Received Import Request.
  Time since last request: 1.419911 seconds.
  path: Assets/Paulisia_S/3D Game Kit - Lowpoly city assets/Prefabs/buildings/blue_house.prefab
  artifactKey: Guid(eaa7c692fb9d5474b8e9c421d398a498) Importer(815301076,1909f56bfc062723c751e8b465ee728b)
Start importing Assets/Paulisia_S/3D Game Kit - Lowpoly city assets/Prefabs/buildings/blue_house.prefab using Guid(eaa7c692fb9d5474b8e9c421d398a498) Importer(815301076,1909f56bfc062723c751e8b465ee728b)  -> (artifact id: '160aab4058ccd74818ea300d08a19c70') in 0.020174 seconds 
========================================================================
Received Import Request.
  Time since last request: 0.000027 seconds.
  path: Assets/Paulisia_S/3D Game Kit - Lowpoly city assets/Prefabs/buildings/yellow_house.prefab
  artifactKey: Guid(1bd929fb09b1fbe4bb7020913cbc6b51) Importer(815301076,1909f56bfc062723c751e8b465ee728b)
Start importing Assets/Paulisia_S/3D Game Kit - Lowpoly city assets/Prefabs/buildings/yellow_house.prefab using Guid(1bd929fb09b1fbe4bb7020913cbc6b51) Importer(815301076,1909f56bfc062723c751e8b465ee728b)  -> (artifact id: 'b8bcf076b1adbfbfb3ea0cee46a1d21a') in 0.014360 seconds 
========================================================================
Received Import Request.
  Time since last request: 0.000025 seconds.
  path: Assets/Paulisia_S/3D Game Kit - Lowpoly city assets/Prefabs/buildings/pizzeria.prefab
  artifactKey: Guid(a1b05943ecb77f24ea8f6feaa2d06ec2) Importer(815301076,1909f56bfc062723c751e8b465ee728b)
Start importing Assets/Paulisia_S/3D Game Kit - Lowpoly city assets/Prefabs/buildings/pizzeria.prefab using Guid(a1b05943ecb77f24ea8f6feaa2d06ec2) Importer(815301076,1909f56bfc062723c751e8b465ee728b)  -> (artifact id: '8b423c91bb7f0c8cfad08790504ed8f7') in 0.020852 seconds 
========================================================================
Received Import Request.
  Time since last request: 0.000026 seconds.
  path: Assets/Paulisia_S/3D Game Kit - Lowpoly city assets/Prefabs/buildings/cinema.prefab
  artifactKey: Guid(7a3ec7b4b9f458c4581bd407a56c1497) Importer(815301076,1909f56bfc062723c751e8b465ee728b)
Start importing Assets/Paulisia_S/3D Game Kit - Lowpoly city assets/Prefabs/buildings/cinema.prefab using Guid(7a3ec7b4b9f458c4581bd407a56c1497) Importer(815301076,1909f56bfc062723c751e8b465ee728b)  -> (artifact id: 'c75ad3679cad4ca5d1d83238abbdbac6') in 0.030383 seconds 
========================================================================
Received Import Request.
  Time since last request: 0.000023 seconds.
  path: Assets/Paulisia_S/3D Game Kit - Lowpoly city assets/Prefabs/buildings/gas_sign.prefab
  artifactKey: Guid(719242d1ee4302442a846f9becffce96) Importer(815301076,1909f56bfc062723c751e8b465ee728b)
Start importing Assets/Paulisia_S/3D Game Kit - Lowpoly city assets/Prefabs/buildings/gas_sign.prefab using Guid(719242d1ee4302442a846f9becffce96) Importer(815301076,1909f56bfc062723c751e8b465ee728b)  -> (artifact id: '1e636c11a3843a6e4566dab9f4f3aa17') in 0.015210 seconds 
========================================================================
Received Import Request.
  Time since last request: 0.000028 seconds.
  path: Assets/Paulisia_S/3D Game Kit - Lowpoly city assets/Prefabs/buildings/gas_station.prefab
  artifactKey: Guid(488152badeea9a0418acf602474df095) Importer(815301076,1909f56bfc062723c751e8b465ee728b)
Start importing Assets/Paulisia_S/3D Game Kit - Lowpoly city assets/Prefabs/buildings/gas_station.prefab using Guid(488152badeea9a0418acf602474df095) Importer(815301076,1909f56bfc062723c751e8b465ee728b)  -> (artifact id: 'cdd977fccc986388fcab52dbce7d3152') in 0.019651 seconds 
========================================================================
Received Import Request.
  Time since last request: 0.000035 seconds.
  path: Assets/Paulisia_S/3D Game Kit - Lowpoly city assets/Prefabs/buildings/gas_station_shop.prefab
  artifactKey: Guid(379d23429c4da5844bea98027a9b338d) Importer(815301076,1909f56bfc062723c751e8b465ee728b)
Start importing Assets/Paulisia_S/3D Game Kit - Lowpoly city assets/Prefabs/buildings/gas_station_shop.prefab using Guid(379d23429c4da5844bea98027a9b338d) Importer(815301076,1909f56bfc062723c751e8b465ee728b)  -> (artifact id: '9e726d8c8c603a3777a8c8a878286193') in 0.022262 seconds 
========================================================================
Received Import Request.
  Time since last request: 0.000028 seconds.
  path: Assets/Paulisia_S/3D Game Kit - Lowpoly city assets/Prefabs/buildings/hospital.prefab
  artifactKey: Guid(1f79ed5ca6074be449bf893105b2b00c) Importer(815301076,1909f56bfc062723c751e8b465ee728b)
Start importing Assets/Paulisia_S/3D Game Kit - Lowpoly city assets/Prefabs/buildings/hospital.prefab using Guid(1f79ed5ca6074be449bf893105b2b00c) Importer(815301076,1909f56bfc062723c751e8b465ee728b)  -> (artifact id: '617dbcae52076c5bc4753deeda8edca9') in 0.026912 seconds 
Editor requested this worker to shutdown with reason: Scaling down because of idle timeout
AssetImportWorker is now disconnected from the server
Process exiting
Exiting without the bug reporter. Application will terminate with return code 0